This is pdfTeX, Version 3.141592653-2.6-1.40.24 (MiKTeX 21.12) (preloaded format=pdflatex 2021.12.8)  22 MAY 2022 22:39
entering extended mode
 restricted \write18 enabled.
 file:line:error style messages enabled.
 %&-line parsing enabled.
**c:/Users/Stefano/Desktop/UNIVERSITÁ/CGC/Latex/CloudGreenComputing.tex
(c:/Users/Stefano/Desktop/UNIVERSITÁ/CGC/Latex/CloudGreenComputing.tex
LaTeX2e <2021-11-15> patch level 1
L3 programming layer <2021-11-22> (C:\Program Files\MiKTeX 2.9\tex/latex/base\report.cls
Document Class: report 2021/10/04 v1.4n Standard LaTeX document class
(C:\Program Files\MiKTeX 2.9\tex/latex/base\size12.clo
File: size12.clo 2021/10/04 v1.4n Standard LaTeX file (size option)
)
\c@part=\count183
\c@chapter=\count184
\c@section=\count185
\c@subsection=\count186
\c@subsubsection=\count187
\c@paragraph=\count188
\c@subparagraph=\count189
\c@figure=\count190
\c@table=\count191
\abovecaptionskip=\skip47
\belowcaptionskip=\skip48
\bibindent=\dimen138
) (C:\Program Files\MiKTeX 2.9\tex/generic/babel\babel.sty
Package: babel 2021/11/29 3.67 The Babel package
\babel@savecnt=\count192
\U@D=\dimen139
\l@unhyphenated=\language83
 (C:\Program Files\MiKTeX 2.9\tex/generic/babel\txtbabel.def)
\bbl@readstream=\read2
\bbl@dirlevel=\count193

*************************************
* Local config file bblopts.cfg used
*
(C:\Program Files\MiKTeX 2.9\tex/latex/arabi\bblopts.cfg
File: bblopts.cfg 2005/09/08 v0.1 add Arabic and Farsi to "declared" options of babel
) (C:\Program Files\MiKTeX 2.9\tex/latex/babel-italian\italian.ldf
Language: italian 2020/05/21 v.1.4.04 Italian support for the babel system
\it@lettering=\count194
\it@doublequoteactive=\count195
\it@ISOcompliance=\count196
)) (C:\Program Files\MiKTeX 2.9\tex/latex/etoolbox\etoolbox.sty
Package: etoolbox 2020/10/05 v2.5k e-TeX tools for LaTeX (JAW)
\etb@tempcnta=\count197
) (C:\Program Files\MiKTeX 2.9\tex/latex/graphics\graphicx.sty
Package: graphicx 2021/09/16 v1.2d Enhanced LaTeX Graphics (DPC,SPQR)
 (C:\Program Files\MiKTeX 2.9\tex/latex/graphics\keyval.sty
Package: keyval 2014/10/28 v1.15 key=value parser (DPC)
\KV@toks@=\toks16
) (C:\Program Files\MiKTeX 2.9\tex/latex/graphics\graphics.sty
Package: graphics 2021/03/04 v1.4d Standard LaTeX Graphics (DPC,SPQR)
 (C:\Program Files\MiKTeX 2.9\tex/latex/graphics\trig.sty
Package: trig 2021/08/11 v1.11 sin cos tan (DPC)
) (C:\Program Files\MiKTeX 2.9\tex/latex/graphics-cfg\graphics.cfg
File: graphics.cfg 2016/06/04 v1.11 sample graphics configuration
)
Package graphics Info: Driver file: pdftex.def on input line 107.
 (C:\Program Files\MiKTeX 2.9\tex/latex/graphics-def\pdftex.def
File: pdftex.def 2020/10/05 v1.2a Graphics/color driver for pdftex
))
\Gin@req@height=\dimen140
\Gin@req@width=\dimen141
) (C:\Program Files\MiKTeX 2.9\tex/latex/amsmath\amsmath.sty
Package: amsmath 2021/10/15 v2.17l AMS math features
\@mathmargin=\skip49

For additional information on amsmath, use the `?' option.
(C:\Program Files\MiKTeX 2.9\tex/latex/amsmath\amstext.sty
Package: amstext 2021/08/26 v2.01 AMS text
 (C:\Program Files\MiKTeX 2.9\tex/latex/amsmath\amsgen.sty
File: amsgen.sty 1999/11/30 v2.0 generic functions
\@emptytoks=\toks17
\ex@=\dimen142
)) (C:\Program Files\MiKTeX 2.9\tex/latex/amsmath\amsbsy.sty
Package: amsbsy 1999/11/29 v1.2d Bold Symbols
\pmbraise@=\dimen143
) (C:\Program Files\MiKTeX 2.9\tex/latex/amsmath\amsopn.sty
Package: amsopn 2021/08/26 v2.02 operator names
)
\inf@bad=\count198
LaTeX Info: Redefining \frac on input line 234.
\uproot@=\count199
\leftroot@=\count266
LaTeX Info: Redefining \overline on input line 399.
\classnum@=\count267
\DOTSCASE@=\count268
LaTeX Info: Redefining \ldots on input line 496.
LaTeX Info: Redefining \dots on input line 499.
LaTeX Info: Redefining \cdots on input line 620.
\Mathstrutbox@=\box50
\strutbox@=\box51
\big@size=\dimen144
LaTeX Font Info:    Redeclaring font encoding OML on input line 743.
LaTeX Font Info:    Redeclaring font encoding OMS on input line 744.
\macc@depth=\count269
\c@MaxMatrixCols=\count270
\dotsspace@=\muskip16
\c@parentequation=\count271
\dspbrk@lvl=\count272
\tag@help=\toks18
\row@=\count273
\column@=\count274
\maxfields@=\count275
\andhelp@=\toks19
\eqnshift@=\dimen145
\alignsep@=\dimen146
\tagshift@=\dimen147
\tagwidth@=\dimen148
\totwidth@=\dimen149
\lineht@=\dimen150
\@envbody=\toks20
\multlinegap=\skip50
\multlinetaggap=\skip51
\mathdisplay@stack=\toks21
LaTeX Info: Redefining \[ on input line 2938.
LaTeX Info: Redefining \] on input line 2939.
) (C:\Program Files\MiKTeX 2.9\tex/latex/amsfonts\amssymb.sty
Package: amssymb 2013/01/14 v3.01 AMS font symbols
 (C:\Program Files\MiKTeX 2.9\tex/latex/amsfonts\amsfonts.sty
Package: amsfonts 2013/01/14 v3.01 Basic AMSFonts support
\symAMSa=\mathgroup4
\symAMSb=\mathgroup5
LaTeX Font Info:    Redeclaring math symbol \hbar on input line 98.
LaTeX Font Info:    Overwriting math alphabet `\mathfrak' in version `bold'
(Font)                  U/euf/m/n --> U/euf/b/n on input line 106.
)) (C:\Program Files\MiKTeX 2.9\tex/latex/xcolor\xcolor.sty
Package: xcolor 2021/10/31 v2.13 LaTeX color extensions (UK)
 (C:\Program Files\MiKTeX 2.9\tex/latex/graphics-cfg\color.cfg
File: color.cfg 2016/01/02 v1.6 sample color configuration
)
Package xcolor Info: Driver file: pdftex.def on input line 227.
Package xcolor Info: Model `cmy' substituted by `cmy0' on input line 1352.
Package xcolor Info: Model `hsb' substituted by `rgb' on input line 1356.
Package xcolor Info: Model `RGB' extended on input line 1368.
Package xcolor Info: Model `HTML' substituted by `rgb' on input line 1370.
Package xcolor Info: Model `Hsb' substituted by `hsb' on input line 1371.
Package xcolor Info: Model `tHsb' substituted by `hsb' on input line 1372.
Package xcolor Info: Model `HSB' substituted by `hsb' on input line 1373.
Package xcolor Info: Model `Gray' substituted by `gray' on input line 1374.
Package xcolor Info: Model `wave' substituted by `hsb' on input line 1375.
) (C:\Program Files\MiKTeX 2.9\tex/latex/enumitem\enumitem.sty
Package: enumitem 2019/06/20 v3.9 Customized lists
\labelindent=\skip52
\enit@outerparindent=\dimen151
\enit@toks=\toks22
\enit@inbox=\box52
\enit@count@id=\count276
\enitdp@description=\count277
) (C:\Program Files\MiKTeX 2.9\tex/latex/tools\multicol.sty
Package: multicol 2021/10/28 v1.9b multicolumn formatting (FMi)
\c@tracingmulticols=\count278
\mult@box=\box53
\multicol@leftmargin=\dimen152
\c@unbalance=\count279
\c@collectmore=\count280
\doublecol@number=\count281
\multicoltolerance=\count282
\multicolpretolerance=\count283
\full@width=\dimen153
\page@free=\dimen154
\premulticols=\dimen155
\postmulticols=\dimen156
\multicolsep=\skip53
\multicolbaselineskip=\skip54
\partial@page=\box54
\last@line=\box55
\maxbalancingoverflow=\dimen157
\mult@rightbox=\box56
\mult@grightbox=\box57
\mult@firstbox=\box58
\mult@gfirstbox=\box59
\@tempa=\box60
\@tempa=\box61
\@tempa=\box62
\@tempa=\box63
\@tempa=\box64
\@tempa=\box65
\@tempa=\box66
\@tempa=\box67
\@tempa=\box68
\@tempa=\box69
\@tempa=\box70
\@tempa=\box71
\@tempa=\box72
\@tempa=\box73
\@tempa=\box74
\@tempa=\box75
\@tempa=\box76
\@tempa=\box77
\@tempa=\box78
\@tempa=\box79
\@tempa=\box80
\@tempa=\box81
\@tempa=\box82
\@tempa=\box83
\@tempa=\box84
\@tempa=\box85
\@tempa=\box86
\@tempa=\box87
\@tempa=\box88
\@tempa=\box89
\@tempa=\box90
\@tempa=\box91
\@tempa=\box92
\@tempa=\box93
\@tempa=\box94
\@tempa=\box95
\c@minrows=\count284
\c@columnbadness=\count285
\c@finalcolumnbadness=\count286
\last@try=\dimen158
\multicolovershoot=\dimen159
\multicolundershoot=\dimen160
\mult@nat@firstbox=\box96
\colbreak@box=\box97
\mc@col@check@num=\count287
) (C:\Program Files\MiKTeX 2.9\tex/latex/hyperref\hyperref.sty
Package: hyperref 2021-06-07 v7.00m Hypertext links for LaTeX
 (C:\Program Files\MiKTeX 2.9\tex/generic/ltxcmds\ltxcmds.sty
Package: ltxcmds 2020-05-10 v1.25 LaTeX kernel commands for general use (HO)
) (C:\Program Files\MiKTeX 2.9\tex/generic/iftex\iftex.sty
Package: iftex 2020/03/06 v1.0d TeX engine tests
) (C:\Program Files\MiKTeX 2.9\tex/generic/pdftexcmds\pdftexcmds.sty
Package: pdftexcmds 2020-06-27 v0.33 Utility functions of pdfTeX for LuaTeX (HO)
 (C:\Program Files\MiKTeX 2.9\tex/generic/infwarerr\infwarerr.sty
Package: infwarerr 2019/12/03 v1.5 Providing info/warning/error messages (HO)
)
Package pdftexcmds Info: \pdf@primitive is available.
Package pdftexcmds Info: \pdf@ifprimitive is available.
Package pdftexcmds Info: \pdfdraftmode found.
) (C:\Program Files\MiKTeX 2.9\tex/generic/kvsetkeys\kvsetkeys.sty
Package: kvsetkeys 2019/12/15 v1.18 Key value parser (HO)
) (C:\Program Files\MiKTeX 2.9\tex/generic/kvdefinekeys\kvdefinekeys.sty
Package: kvdefinekeys 2019-12-19 v1.6 Define keys (HO)
) (C:\Program Files\MiKTeX 2.9\tex/generic/pdfescape\pdfescape.sty
Package: pdfescape 2019/12/09 v1.15 Implements pdfTeX's escape features (HO)
) (C:\Program Files\MiKTeX 2.9\tex/latex/hycolor\hycolor.sty
Package: hycolor 2020-01-27 v1.10 Color options for hyperref/bookmark (HO)
) (C:\Program Files\MiKTeX 2.9\tex/latex/letltxmacro\letltxmacro.sty
Package: letltxmacro 2019/12/03 v1.6 Let assignment for LaTeX macros (HO)
) (C:\Program Files\MiKTeX 2.9\tex/latex/auxhook\auxhook.sty
Package: auxhook 2019-12-17 v1.6 Hooks for auxiliary files (HO)
) (C:\Program Files\MiKTeX 2.9\tex/latex/kvoptions\kvoptions.sty
Package: kvoptions 2020-10-07 v3.14 Key value format for package options (HO)
)
\@linkdim=\dimen161
\Hy@linkcounter=\count288
\Hy@pagecounter=\count289
 (C:\Program Files\MiKTeX 2.9\tex/latex/hyperref\pd1enc.def
File: pd1enc.def 2021-06-07 v7.00m Hyperref: PDFDocEncoding definition (HO)
Now handling font encoding PD1 ...
... no UTF-8 mapping file for font encoding PD1
) (C:\Program Files\MiKTeX 2.9\tex/latex/hyperref\hyperref-langpatches.def
File: hyperref-langpatches.def 2021-06-07 v7.00m Hyperref: patches for babel languages
) (C:\Program Files\MiKTeX 2.9\tex/generic/intcalc\intcalc.sty
Package: intcalc 2019/12/15 v1.3 Expandable calculations with integers (HO)
) (C:\Program Files\MiKTeX 2.9\tex/generic/etexcmds\etexcmds.sty
Package: etexcmds 2019/12/15 v1.7 Avoid name clashes with e-TeX commands (HO)
)
\Hy@SavedSpaceFactor=\count290
 (C:\Program Files\MiKTeX 2.9\tex/latex/hyperref\puenc.def
File: puenc.def 2021-06-07 v7.00m Hyperref: PDF Unicode definition (HO)
Now handling font encoding PU ...
... no UTF-8 mapping file for font encoding PU
)
Package hyperref Info: Hyper figures OFF on input line 4192.
Package hyperref Info: Link nesting OFF on input line 4197.
Package hyperref Info: Hyper index ON on input line 4200.
Package hyperref Info: Plain pages OFF on input line 4207.
Package hyperref Info: Backreferencing OFF on input line 4212.
Package hyperref Info: Implicit mode ON; LaTeX internals redefined.
Package hyperref Info: Bookmarks ON on input line 4445.
\c@Hy@tempcnt=\count291
 (C:\Program Files\MiKTeX 2.9\tex/latex/url\url.sty
\Urlmuskip=\muskip17
Package: url 2013/09/16  ver 3.4  Verb mode for urls, etc.
)
LaTeX Info: Redefining \url on input line 4804.
\XeTeXLinkMargin=\dimen162
 (C:\Program Files\MiKTeX 2.9\tex/generic/bitset\bitset.sty
Package: bitset 2019/12/09 v1.3 Handle bit-vector datatype (HO)
 (C:\Program Files\MiKTeX 2.9\tex/generic/bigintcalc\bigintcalc.sty
Package: bigintcalc 2019/12/15 v1.5 Expandable calculations on big integers (HO)
))
\Fld@menulength=\count292
\Field@Width=\dimen163
\Fld@charsize=\dimen164
Package hyperref Info: Hyper figures OFF on input line 6076.
Package hyperref Info: Link nesting OFF on input line 6081.
Package hyperref Info: Hyper index ON on input line 6084.
Package hyperref Info: backreferencing OFF on input line 6091.
Package hyperref Info: Link coloring OFF on input line 6096.
Package hyperref Info: Link coloring with OCG OFF on input line 6101.
Package hyperref Info: PDF/A mode OFF on input line 6106.
LaTeX Info: Redefining \ref on input line 6146.
LaTeX Info: Redefining \pageref on input line 6150.
 (C:\Program Files\MiKTeX 2.9\tex/latex/base\atbegshi-ltx.sty
Package: atbegshi-ltx 2021/01/10 v1.0c Emulation of the original atbegshi
package with kernel methods
)
\Hy@abspage=\count293
\c@Item=\count294
\c@Hfootnote=\count295
)
Package hyperref Info: Driver (autodetected): hpdftex.
 (C:\Program Files\MiKTeX 2.9\tex/latex/hyperref\hpdftex.def
File: hpdftex.def 2021-06-07 v7.00m Hyperref driver for pdfTeX
 (C:\Program Files\MiKTeX 2.9\tex/latex/base\atveryend-ltx.sty
Package: atveryend-ltx 2020/08/19 v1.0a Emulation of the original atveryend package
with kernel methods
)
\Fld@listcount=\count296
\c@bookmark@seq@number=\count297
 (C:\Program Files\MiKTeX 2.9\tex/latex/rerunfilecheck\rerunfilecheck.sty
Package: rerunfilecheck 2019/12/05 v1.9 Rerun checks for auxiliary files (HO)
 (C:\Program Files\MiKTeX 2.9\tex/generic/uniquecounter\uniquecounter.sty
Package: uniquecounter 2019/12/15 v1.4 Provide unlimited unique counter (HO)
)
Package uniquecounter Info: New unique counter `rerunfilecheck' on input line 286.
)
\Hy@SectionHShift=\skip55
)
Package hyperref Info: Option `colorlinks' set `true' on input line 16.
 (C:\Program Files\MiKTeX 2.9\tex/latex/l3backend\l3backend-pdftex.def
File: l3backend-pdftex.def 2021-10-18 L3 backend support: PDF output (pdfTeX)
\l__color_backend_stack_int=\count298
\l__pdf_internal_box=\box98
) (CloudGreenComputing.aux)
\openout1 = `CloudGreenComputing.aux'.

LaTeX Font Info:    Checking defaults for OML/cmm/m/it on input line 24.
LaTeX Font Info:    ... okay on input line 24.
LaTeX Font Info:    Checking defaults for OMS/cmsy/m/n on input line 24.
LaTeX Font Info:    ... okay on input line 24.
LaTeX Font Info:    Checking defaults for OT1/cmr/m/n on input line 24.
LaTeX Font Info:    ... okay on input line 24.
LaTeX Font Info:    Checking defaults for T1/cmr/m/n on input line 24.
LaTeX Font Info:    ... okay on input line 24.
LaTeX Font Info:    Checking defaults for TS1/cmr/m/n on input line 24.
LaTeX Font Info:    ... okay on input line 24.
LaTeX Font Info:    Checking defaults for OMX/cmex/m/n on input line 24.
LaTeX Font Info:    ... okay on input line 24.
LaTeX Font Info:    Checking defaults for U/cmr/m/n on input line 24.
LaTeX Font Info:    ... okay on input line 24.
LaTeX Font Info:    Checking defaults for PD1/pdf/m/n on input line 24.
LaTeX Font Info:    ... okay on input line 24.
LaTeX Font Info:    Checking defaults for PU/pdf/m/n on input line 24.
LaTeX Font Info:    ... okay on input line 24.
LaTeX Info: Redefining \it@ocap on input line 24.
LaTeX Info: Redefining \it@ccap on input line 24.


File italian.ldf warning: 
italian.ldf    With OT1 encoding guillemets are poorly faked
italian.ldf    Use T1 encoding
italian.ldf    or specify a font with command \CaporaliFrom
italian.ldf    See the documentation concerning the babel-italian typesetting 
italian.ldf    on input line 24.

(C:\Program Files\MiKTeX 2.9\tex/context/base/mkii\supp-pdf.mkii
[Loading MPS to PDF converter (version 2006.09.02).]
\scratchcounter=\count299
\scratchdimen=\dimen165
\scratchbox=\box99
\nofMPsegments=\count300
\nofMParguments=\count301
\everyMPshowfont=\toks23
\MPscratchCnt=\count302
\MPscratchDim=\dimen166
\MPnumerator=\count303
\makeMPintoPDFobject=\count304
\everyMPtoPDFconversion=\toks24
) (C:\Program Files\MiKTeX 2.9\tex/latex/epstopdf-pkg\epstopdf-base.sty
Package: epstopdf-base 2020-01-24 v2.11 Base part for package epstopdf
Package epstopdf-base Info: Redefining graphics rule for `.eps' on input line 485.
 (C:\Program Files\MiKTeX 2.9\tex/latex/00miktex\epstopdf-sys.cfg
File: epstopdf-sys.cfg 2021/03/18 v2.0 Configuration of epstopdf for MiKTeX
))
Package hyperref Info: Link coloring ON on input line 24.
 (C:\Program Files\MiKTeX 2.9\tex/latex/hyperref\nameref.sty
Package: nameref 2021-04-02 v2.47 Cross-referencing by name of section
 (C:\Program Files\MiKTeX 2.9\tex/latex/refcount\refcount.sty
Package: refcount 2019/12/15 v3.6 Data extraction from label references (HO)
) (C:\Program Files\MiKTeX 2.9\tex/generic/gettitlestring\gettitlestring.sty
Package: gettitlestring 2019/12/15 v1.6 Cleanup title references (HO)
)
\c@section@level=\count305
)
LaTeX Info: Redefining \ref on input line 24.
LaTeX Info: Redefining \pageref on input line 24.
LaTeX Info: Redefining \nameref on input line 24.
 (CloudGreenComputing.out) (CloudGreenComputing.out)
\@outlinefile=\write3
\openout3 = `CloudGreenComputing.out'.

LaTeX Font Info:    Trying to load font information for U+msa on input line 30.
 (C:\Program Files\MiKTeX 2.9\tex/latex/amsfonts\umsa.fd
File: umsa.fd 2013/01/14 v3.01 AMS symbols A
)
LaTeX Font Info:    Trying to load font information for U+msb on input line 30.
 (C:\Program Files\MiKTeX 2.9\tex/latex/amsfonts\umsb.fd
File: umsb.fd 2013/01/14 v3.01 AMS symbols B
) [1

{C:/Users/Stefano/AppData/Local/MiKTeX/2.9/fonts/map/pdftex/pdftex.map}] (CloudGreenComputing.toc
pdfTeX warning (ext4): destination with the same identifier (name{page.1}) has been already used, duplicate ignored
<to be read again> 
                   \relax 
l.45 ...numberline {5}Introduzione}{16}{chapter.5}
                                                  % [1

] [2] [3])
\tf@toc=\write4
\openout4 = `CloudGreenComputing.toc'.

 [4] [5

]
Capitolo 1.
[6

] [7] [8]
Capitolo 2.
[9

] [10]
Capitolo 3.
[11

] [12]
Capitolo 4.
[13

] [14] [15

]
Capitolo 5.
[16

] [17] [18]
Capitolo 6.
[19

]

Package hyperref Warning: Difference (2) between bookmark levels is greater 
(hyperref)                than one, level fixed on input line 249.

<Immagini/TwoViews.png, id=818, 1114.91531pt x 490.83376pt>
File: Immagini/TwoViews.png Graphic file (type png)
<use Immagini/TwoViews.png>
Package pdftex.def Info: Immagini/TwoViews.png  used on input line 268.
(pdftex.def)             Requested size: 334.47717pt x 147.25125pt.
[20

 <./Immagini/TwoViews.png>]
<Immagini/License.png, id=825, 596.98032pt x 304.88907pt>
File: Immagini/License.png Graphic file (type png)
<use Immagini/License.png>
Package pdftex.def Info: Immagini/License.png  used on input line 279.
(pdftex.def)             Requested size: 238.78789pt x 121.95346pt.
<Immagini/Installation.png, id=826, 557.83406pt x 325.215pt>
File: Immagini/Installation.png Graphic file (type png)
<use Immagini/Installation.png>
Package pdftex.def Info: Immagini/Installation.png  used on input line 288.
(pdftex.def)             Requested size: 223.12967pt x 130.0837pt.
 [21 <./Immagini/License.png> <./Immagini/Installation.png>]
<Immagini/SourceCode.png, id=833, 666.99188pt x 304.13625pt>
File: Immagini/SourceCode.png Graphic file (type png)
<use Immagini/SourceCode.png>
Package pdftex.def Info: Immagini/SourceCode.png  used on input line 298.
(pdftex.def)             Requested size: 266.79202pt x 121.65233pt.
<Immagini/Interface.png, id=834, 1045.65656pt x 297.36093pt>
File: Immagini/Interface.png Graphic file (type png)
<use Immagini/Interface.png>
Package pdftex.def Info: Immagini/Interface.png  used on input line 307.
(pdftex.def)             Requested size: 365.98528pt x 104.07788pt.
 [22

 <./Immagini/SourceCode.png> <./Immagini/Interface.png>]
<Immagini/Community.png, id=841, 1167.61218pt x 217.5628pt>
File: Immagini/Community.png Graphic file (type png)
<use Immagini/Community.png>
Package pdftex.def Info: Immagini/Community.png  used on input line 317.
(pdftex.def)             Requested size: 350.28636pt x 65.26933pt.
<Immagini/Documentation.png, id=842, 1168.365pt x 214.55156pt>
File: Immagini/Documentation.png Graphic file (type png)
<use Immagini/Documentation.png>
Package pdftex.def Info: Immagini/Documentation.png  used on input line 326.
(pdftex.def)             Requested size: 350.5122pt x 64.36595pt.
 [23

 <./Immagini/Community.png> <./Immagini/Documentation.png>]
<Immagini/Development.png, id=849, 985.43156pt x 363.60844pt>
File: Immagini/Development.png Graphic file (type png)
<use Immagini/Development.png>
Package pdftex.def Info: Immagini/Development.png  used on input line 337.
(pdftex.def)             Requested size: 344.90622pt x 127.26485pt.
<Immagini/Versioing.png, id=850, 538.26094pt x 298.86656pt>
File: Immagini/Versioing.png Graphic file (type png)
<use Immagini/Versioing.png>
Package pdftex.def Info: Immagini/Versioing.png  used on input line 346.
(pdftex.def)             Requested size: 269.1298pt x 149.4329pt.
 [24

 <./Immagini/Development.png> <./Immagini/Versioing.png>]
<Immagini/FunctionOrchestration.png, id=858, 840.13875pt x 309.40594pt>
File: Immagini/FunctionOrchestration.png Graphic file (type png)
<use Immagini/FunctionOrchestration.png>
Package pdftex.def Info: Immagini/FunctionOrchestration.png  used on input line 360.
(pdftex.def)             Requested size: 336.04955pt x 123.76018pt.
 [25 <./Immagini/FunctionOrchestration.png>]
<Immagini/Observability.png, id=864, 1070.49937pt x 224.33812pt>
File: Immagini/Observability.png Graphic file (type png)
<use Immagini/Observability.png>
Package pdftex.def Info: Immagini/Observability.png  used on input line 379.
(pdftex.def)             Requested size: 321.15228pt x 67.30194pt.
<Immagini/ApplicationDelivery.png, id=865, 476.53032pt x 501.37312pt>
File: Immagini/ApplicationDelivery.png Graphic file (type png)
<use Immagini/ApplicationDelivery.png>
Package pdftex.def Info: Immagini/ApplicationDelivery.png  used on input line 392.
(pdftex.def)             Requested size: 142.96019pt x 150.41309pt.
 [26

 <./Immagini/Observability.png> <./Immagini/ApplicationDelivery.png>] [27]
<Immagini/FaasMarket.png, id=876, 429.85594pt x 347.04657pt>
File: Immagini/FaasMarket.png Graphic file (type png)
<use Immagini/FaasMarket.png>
Package pdftex.def Info: Immagini/FaasMarket.png  used on input line 422.
(pdftex.def)             Requested size: 214.92744pt x 173.52286pt.
<Immagini/FaasMarket2.png, id=877, 542.77782pt x 351.56343pt>
File: Immagini/FaasMarket2.png Graphic file (type png)
<use Immagini/FaasMarket2.png>
Package pdftex.def Info: Immagini/FaasMarket2.png  used on input line 423.
(pdftex.def)             Requested size: 271.38824pt x 175.78128pt.
 [28

 <./Immagini/FaasMarket.png> <./Immagini/FaasMarket2.png>]
Capitolo 7.
[29

]
<Immagini/Greensoft.png, id=894, 456.20438pt x 651.18282pt>
File: Immagini/Greensoft.png Graphic file (type png)
<use Immagini/Greensoft.png>
Package pdftex.def Info: Immagini/Greensoft.png  used on input line 444.
(pdftex.def)             Requested size: 182.4785pt x 260.4685pt.
 [30 <./Immagini/Greensoft.png>] [31]
<Immagini/Linguaggi.png, id=909, 502.87875pt x 488.57532pt>
File: Immagini/Linguaggi.png Graphic file (type png)
<use Immagini/Linguaggi.png>
Package pdftex.def Info: Immagini/Linguaggi.png  used on input line 486.
(pdftex.def)             Requested size: 251.43875pt x 244.28706pt.
 [32 <./Immagini/Linguaggi.png>] [33]
Capitolo 8.
[34

]
<Immagini/HScaling.png, id=932, 707.64375pt x 236.38312pt>
File: Immagini/HScaling.png Graphic file (type png)
<use Immagini/HScaling.png>
Package pdftex.def Info: Immagini/HScaling.png  used on input line 557.
(pdftex.def)             Requested size: 212.29475pt x 70.91548pt.
<Immagini/HVScaling.png, id=933, 1115.66812pt x 477.28313pt>
File: Immagini/HVScaling.png Graphic file (type png)
<use Immagini/HVScaling.png>
Package pdftex.def Info: Immagini/HVScaling.png  used on input line 558.
(pdftex.def)             Requested size: 334.70302pt x 143.18604pt.
 [35 <./Immagini/HScaling.png> <./Immagini/HVScaling.png>] [36]
Capitolo 9.
[37

]
<Immagini/k8distribuzione.png, id=952, 834.11626pt x 351.56343pt>
File: Immagini/k8distribuzione.png Graphic file (type png)
<use Immagini/k8distribuzione.png>
Package pdftex.def Info: Immagini/k8distribuzione.png  used on input line 605.
(pdftex.def)             Requested size: 333.6406pt x 140.62286pt.
 [38

 <./Immagini/k8distribuzione.png>] [39

]
<Immagini/Deployment.png, id=965, 760.34062pt x 469.00218pt>
File: Immagini/Deployment.png Graphic file (type png)
<use Immagini/Deployment.png>
Package pdftex.def Info: Immagini/Deployment.png  used on input line 635.
(pdftex.def)             Requested size: 380.16937pt x 234.50052pt.
 [40

 <./Immagini/Deployment.png>]
<Immagini/Service.png, id=974, 932.73468pt x 363.60844pt>
File: Immagini/Service.png Graphic file (type png)
<use Immagini/Service.png>
Package pdftex.def Info: Immagini/Service.png  used on input line 643.
(pdftex.def)             Requested size: 279.82256pt x 109.08336pt.
<Immagini/Ingress.png, id=975, 1014.03844pt x 452.4403pt>
File: Immagini/Ingress.png Graphic file (type png)
<use Immagini/Ingress.png>
Package pdftex.def Info: Immagini/Ingress.png  used on input line 649.
(pdftex.def)             Requested size: 354.91876pt x 158.35648pt.
 [41

 <./Immagini/Service.png> <./Immagini/Ingress.png>] [42]
<Immagini/K8svsDS.png, id=994, 1047.16219pt x 487.8225pt>
File: Immagini/K8svsDS.png Graphic file (type png)
<use Immagini/K8svsDS.png>
Package pdftex.def Info: Immagini/K8svsDS.png  used on input line 690.
(pdftex.def)             Requested size: 366.51225pt x 170.74043pt.
 [43 <./Immagini/K8svsDS.png>]
Capitolo 10.
[44

] [45]
<Immagini/Disastri.png, id=1008, 1129.97156pt x 473.51906pt>
File: Immagini/Disastri.png Graphic file (type png)
<use Immagini/Disastri.png>
Package pdftex.def Info: Immagini/Disastri.png  used on input line 749.
(pdftex.def)             Requested size: 338.99408pt x 142.05681pt.
 [46 <./Immagini/Disastri.png>] [47

]
Capitolo 11.
<Immagini/DataUsage.png, id=1018, 874.76813pt x 292.84406pt>
File: Immagini/DataUsage.png Graphic file (type png)
<use Immagini/DataUsage.png>
Package pdftex.def Info: Immagini/DataUsage.png  used on input line 772.
(pdftex.def)             Requested size: 262.43246pt x 87.85388pt.
<Immagini/DeploymentModels.png, id=1019, 761.09344pt x 414.79968pt>
File: Immagini/DeploymentModels.png Graphic file (type png)
<use Immagini/DeploymentModels.png>
Package pdftex.def Info: Immagini/DeploymentModels.png  used on input line 777.
(pdftex.def)             Requested size: 304.43199pt x 165.91693pt.
[48

 <./Immagini/DataUsage.png> <./Immagini/DeploymentModels.png>]
<Immagini/FogInfrastructure.png, id=1027, 741.52031pt x 321.45094pt>
File: Immagini/FogInfrastructure.png Graphic file (type png)
<use Immagini/FogInfrastructure.png>
Package pdftex.def Info: Immagini/FogInfrastructure.png  used on input line 784.
(pdftex.def)             Requested size: 370.75925pt x 160.72507pt.
 [49 <./Immagini/FogInfrastructure.png>] (CloudGreenComputing.aux)
Package rerunfilecheck Info: File `CloudGreenComputing.out' has not changed.
(rerunfilecheck)             Checksum: 82532B07143E16EB01C3752838A8A4BF;19318.
 ) 
Here is how much of TeX's memory you used:
 12146 strings out of 478625
 188498 string characters out of 2852573
 512846 words of memory out of 3000000
 29868 multiletter control sequences out of 15000+600000
 413790 words of font info for 66 fonts, out of 8000000 for 9000
 1141 hyphenation exceptions out of 8191
 60i,8n,63p,445b,524s stack positions out of 5000i,500n,10000p,200000b,80000s
{C:/Program Files/MiKTeX 2.9/fonts/enc/dvips/cm-super/cm-super-ts1.enc}<C:/Program Files/MiKTeX 2.9/fonts/type1/public/amsfonts/cm/cmbx12.pfb><C:/Program Files/MiKTeX 2.9/fonts/type1/public/amsfonts/cm/cmmi12.pfb><C:/Program Files/MiKTeX 2.9/fonts/type1/public/amsfonts/cm/cmmi6.pfb><C:/Program Files/MiKTeX 2.9/fonts/type1/public/amsfonts/cm/cmmi8.pfb><C:/Program Files/MiKTeX 2.9/fonts/type1/public/amsfonts/cm/cmr12.pfb><C:/Program Files/MiKTeX 2.9/fonts/type1/public/amsfonts/cm/cmr8.pfb><C:/Program Files/MiKTeX 2.9/fonts/type1/public/amsfonts/cm/cmsy10.pfb><C:/Program Files/MiKTeX 2.9/fonts/type1/public/amsfonts/cm/cmsy6.pfb><C:/Program Files/MiKTeX 2.9/fonts/type1/public/amsfonts/cm/cmti12.pfb><C:/Program Files/MiKTeX 2.9/fonts/type1/public/cm-super/sfrm1200.pfb>
Output written on CloudGreenComputing.pdf (50 pages, 4333371 bytes).
PDF statistics:
 1130 PDF objects out of 1200 (max. 8388607)
 220 named destinations out of 1000 (max. 500000)
 1080 words of extra memory for PDF output out of 10000 (max. 10000000)

