\BOOKMARK [-1][-]{part.1}{\376\377\000I\000\040\000C\000l\000o\000u\000d\000\040\000C\000o\000m\000p\000u\000t\000i\000n\000g}{}% 1
\BOOKMARK [0][-]{chapter.1}{\376\377\000I\000a\000a\000S\000\040\000\050\000I\000n\000f\000r\000a\000s\000t\000r\000u\000c\000t\000u\000r\000e\000\040\000a\000s\000\040\000a\000\040\000S\000e\000r\000v\000i\000c\000e\000\051}{part.1}% 2
\BOOKMARK [1][-]{section.1.1}{\376\377\000V\000i\000r\000t\000u\000a\000l\000i\000z\000z\000a\000z\000i\000o\000n\000e}{chapter.1}% 3
\BOOKMARK [1][-]{section.1.2}{\376\377\000H\000y\000p\000e\000r\000v\000i\000s\000o\000r}{chapter.1}% 4
\BOOKMARK [1][-]{section.1.3}{\376\377\000A\000m\000a\000z\000o\000n\000\040\000E\000l\000a\000s\000t\000i\000c\000\040\000C\000o\000m\000p\000u\000t\000e\000\040\000C\000l\000o\000u\000d\000\040\0002\000\040\000\050\000E\000C\0002\000\051}{chapter.1}% 5
\BOOKMARK [1][-]{section.1.4}{\376\377\000A\000m\000a\000z\000o\000n\000\040\000S\000i\000m\000p\000l\000e\000\040\000S\000t\000o\000r\000a\000g\000e\000\040\000S\000e\000r\000v\000i\000c\000e\000\040\000\050\000S\0003\000\051}{chapter.1}% 6
\BOOKMARK [1][-]{section.1.5}{\376\377\000A\000m\000a\000z\000o\000n\000\040\000E\000l\000a\000s\000t\000i\000c\000\040\000B\000l\000o\000c\000k\000\040\000S\000t\000o\000r\000e\000\040\000\050\000E\000B\000S\000\051}{chapter.1}% 7
\BOOKMARK [1][-]{section.1.6}{\376\377\000D\000r\000o\000p\000b\000o\000x\000\040\000e\000x\000o\000d\000u\000s}{chapter.1}% 8
\BOOKMARK [2][-]{subsection.1.6.1}{\376\377\000L\000'\000e\000s\000o\000d\000o}{section.1.6}% 9
\BOOKMARK [2][-]{subsection.1.6.2}{\376\377\000C\000o\000n\000c\000l\000u\000s\000i\000o\000n\000i}{section.1.6}% 10
\BOOKMARK [0][-]{chapter.2}{\376\377\000C\000o\000n\000t\000a\000i\000n\000e\000r}{part.1}% 11
\BOOKMARK [1][-]{section.2.1}{\376\377\000D\000o\000c\000k\000e\000r}{chapter.2}% 12
\BOOKMARK [2][-]{subsection.2.1.1}{\376\377\000C\000a\000r\000a\000t\000t\000e\000r\000i\000s\000t\000i\000c\000h\000e}{section.2.1}% 13
\BOOKMARK [2][-]{subsection.2.1.2}{\376\377\000C\000o\000m\000p\000o\000n\000e\000n\000t\000i}{section.2.1}% 14
\BOOKMARK [2][-]{subsection.2.1.3}{\376\377\000C\000o\000m\000a\000n\000d\000i}{section.2.1}% 15
\BOOKMARK [2][-]{subsection.2.1.4}{\376\377\000S\000w\000a\000r\000m\000\040\000m\000o\000d\000e}{section.2.1}% 16
\BOOKMARK [0][-]{chapter.3}{\376\377\000P\000a\000a\000S\000\040\000\050\000P\000l\000a\000t\000f\000o\000r\000m\000\040\000a\000s\000\040\000a\000\040\000S\000e\000r\000v\000i\000c\000e\000\051}{part.1}% 17
\BOOKMARK [1][-]{section.3.1}{\376\377\000H\000e\000r\000o\000k\000u}{chapter.3}% 18
\BOOKMARK [2][-]{subsection.3.1.1}{\376\377\000D\000y\000n\000o\000s}{section.3.1}% 19
\BOOKMARK [2][-]{subsection.3.1.2}{\376\377\000B\000u\000i\000l\000d\000t\000i\000m\000e}{section.3.1}% 20
\BOOKMARK [2][-]{subsection.3.1.3}{\376\377\000R\000u\000n\000t\000i\000m\000e}{section.3.1}% 21
\BOOKMARK [2][-]{subsection.3.1.4}{\376\377\000E\000s\000e\000m\000p\000i\000o}{section.3.1}% 22
\BOOKMARK [2][-]{subsection.3.1.5}{\376\377\000A\000d\000d\000-\000o\000n\000s}{section.3.1}% 23
\BOOKMARK [1][-]{section.3.2}{\376\377\000A\000l\000t\000r\000i\000\040\000P\000a\000a\000S}{chapter.3}% 24
\BOOKMARK [0][-]{chapter.4}{\376\377\000M\000o\000d\000e\000l\000l\000i\000\040\000d\000i\000\040\000B\000u\000s\000i\000n\000e\000s\000s}{part.1}% 25
\BOOKMARK [1][-]{section.4.1}{\376\377\000B\000u\000s\000i\000n\000e\000s\000s\000\040\000i\000n\000n\000o\000v\000a\000t\000i\000o\000n}{chapter.4}% 26
\BOOKMARK [-1][-]{part.2}{\376\377\000I\000I\000\040\000G\000r\000e\000e\000n\000\040\000C\000o\000m\000p\000u\000t\000i\000n\000g}{}% 27
\BOOKMARK [0][-]{chapter.5}{\376\377\000I\000n\000t\000r\000o\000d\000u\000z\000i\000o\000n\000e}{part.2}% 28
\BOOKMARK [1][-]{section.5.1}{\376\377\000S\000p\000r\000e\000c\000h\000i}{chapter.5}% 29
\BOOKMARK [1][-]{section.5.2}{\376\377\000D\000a\000t\000a\000c\000e\000n\000t\000e\000r\000s}{chapter.5}% 30
\BOOKMARK [1][-]{section.5.3}{\376\377\000O\000b\000s\000o\000l\000e\000s\000c\000e\000n\000z\000a\000\040\000p\000r\000o\000g\000r\000a\000m\000m\000a\000t\000a}{chapter.5}% 31
\BOOKMARK [2][-]{subsection.5.3.1}{\376\377\000C\000a\000r\000t\000e\000l\000l\000o\000\040\000P\000h\000o\000e\000b\000u\000s}{section.5.3}% 32
\BOOKMARK [2][-]{subsection.5.3.2}{\376\377\000O\000b\000s\000o\000l\000e\000s\000c\000e\000n\000z\000a\000\040\000p\000e\000r\000c\000e\000p\000i\000t\000a}{section.5.3}% 33
\BOOKMARK [1][-]{section.5.4}{\376\377\000P\000r\000o\000g\000e\000t\000t\000a\000r\000e\000\040\000d\000i\000s\000p\000o\000s\000i\000t\000i\000v\000i\000\040\000e\000f\000f\000i\000c\000i\000e\000n\000t\000i\000\040\000e\000n\000e\000r\000g\000e\000t\000i\000c\000a\000m\000e\000n\000t\000e}{chapter.5}% 34
\BOOKMARK [0][-]{chapter.6}{\376\377\000F\000a\000a\000s\000\040\000\050\000F\000u\000n\000c\000t\000i\000o\000n\000\040\000A\000s\000\040\000A\000\040\000S\000e\000r\000v\000i\000c\000e\000\051}{part.2}% 35
\BOOKMARK [1][-]{section.6.1}{\376\377\000A\000W\000S\000\040\000L\000a\000m\000b\000d\000a}{chapter.6}% 36
\BOOKMARK [1][-]{section.6.2}{\376\377\000T\000i\000p\000i\000\040\000d\000i\000\040\000F\000a\000a\000S\000:}{chapter.6}% 37
\BOOKMARK [2][-]{section*.19}{\376\377\000C\000o\000m\000m\000e\000r\000c\000i\000a\000l\000i}{section.6.2}% 38
\BOOKMARK [3][-]{section*.20}{\376\377\000O\000p\000e\000n\000\040\000S\000o\000u\000r\000c\000e}{section*.19}% 39
\BOOKMARK [1][-]{section.6.3}{\376\377\000D\000u\000e\000\040\000v\000i\000s\000t\000e}{chapter.6}% 40
\BOOKMARK [1][-]{section.6.4}{\376\377\000B\000u\000s\000i\000n\000e\000s\000s\000\040\000V\000i\000e\000w}{chapter.6}% 41
\BOOKMARK [2][-]{subsection.6.4.1}{\376\377\000B\000u\000s\000i\000n\000e\000s\000s\000\040\000V\000i\000e\000w\000:\000\040\000L\000i\000c\000e\000n\000s\000e}{section.6.4}% 42
\BOOKMARK [2][-]{subsection.6.4.2}{\376\377\000B\000u\000s\000i\000n\000e\000s\000s\000\040\000V\000i\000e\000w\000:\000\040\000I\000n\000s\000t\000a\000l\000l\000a\000z\000i\000o\000n\000e}{section.6.4}% 43
\BOOKMARK [2][-]{subsection.6.4.3}{\376\377\000B\000u\000s\000i\000n\000e\000s\000s\000\040\000V\000i\000e\000w\000:\000\040\000S\000o\000u\000r\000c\000e\000\040\000C\000o\000d\000e}{section.6.4}% 44
\BOOKMARK [2][-]{subsection.6.4.4}{\376\377\000B\000u\000s\000i\000n\000e\000s\000s\000\040\000v\000i\000e\000w\000:\000\040\000I\000n\000t\000e\000r\000f\000a\000c\000e}{section.6.4}% 45
\BOOKMARK [2][-]{subsection.6.4.5}{\376\377\000B\000u\000s\000i\000n\000e\000s\000s\000\040\000v\000i\000e\000w\000:\000\040\000C\000o\000m\000m\000u\000n\000i\000t\000y}{section.6.4}% 46
\BOOKMARK [2][-]{subsection.6.4.6}{\376\377\000B\000u\000s\000i\000n\000e\000s\000s\000\040\000v\000i\000e\000w\000:\000\040\000D\000o\000c\000u\000m\000e\000n\000t\000a\000t\000i\000o\000n}{section.6.4}% 47
\BOOKMARK [1][-]{section.6.5}{\376\377\000T\000e\000c\000h\000n\000i\000c\000a\000l\000\040\000V\000i\000e\000w}{chapter.6}% 48
\BOOKMARK [2][-]{subsection.6.5.1}{\376\377\000T\000e\000c\000h\000n\000i\000c\000a\000l\000\040\000v\000i\000e\000w\000:\000\040\000D\000e\000v\000e\000l\000o\000p\000m\000e\000n\000t}{section.6.5}% 49
\BOOKMARK [2][-]{subsection.6.5.2}{\376\377\000T\000e\000c\000h\000n\000i\000c\000a\000l\000\040\000v\000i\000e\000w\000:\000\040\000V\000e\000r\000s\000i\000o\000n\000i\000n\000g}{section.6.5}% 50
\BOOKMARK [2][-]{subsection.6.5.3}{\376\377\000T\000e\000c\000h\000n\000i\000c\000a\000l\000\040\000v\000i\000e\000w\000:\000\040\000F\000u\000n\000c\000t\000i\000o\000n\000\040\000O\000r\000c\000h\000e\000s\000t\000r\000a\000t\000i\000o\000n}{section.6.5}% 51
\BOOKMARK [2][-]{subsection.6.5.4}{\376\377\000T\000e\000c\000h\000n\000i\000c\000a\000l\000\040\000v\000i\000e\000w\000:\000\040\000T\000e\000s\000t\000i\000n\000g\000\040\000\046\000\040\000d\000e\000b\000u\000g\000g\000i\000n\000g}{section.6.5}% 52
\BOOKMARK [2][-]{subsection.6.5.5}{\376\377\000T\000e\000c\000h\000n\000i\000c\000a\000l\000\040\000v\000i\000e\000w\000:\000\040\000O\000b\000s\000e\000r\000v\000a\000b\000i\000l\000i\000t\000y}{section.6.5}% 53
\BOOKMARK [2][-]{subsection.6.5.6}{\376\377\000T\000e\000c\000h\000n\000i\000c\000a\000l\000\040\000v\000i\000e\000w\000:\000\040\000A\000p\000p\000l\000i\000c\000a\000t\000i\000o\000n\000\040\000D\000e\000l\000i\000v\000e\000r\000y}{section.6.5}% 54
\BOOKMARK [2][-]{subsection.6.5.7}{\376\377\000T\000e\000c\000h\000n\000i\000c\000a\000l\000\040\000v\000i\000e\000w\000:\000\040\000A\000p\000p\000l\000i\000c\000a\000t\000i\000o\000n\000\040\000D\000e\000l\000i\000v\000e\000r\000y}{section.6.5}% 55
\BOOKMARK [2][-]{subsection.6.5.8}{\376\377\000T\000e\000c\000h\000n\000i\000c\000a\000l\000\040\000v\000i\000e\000w\000:\000\040\000A\000p\000p\000l\000i\000c\000a\000t\000i\000o\000n\000\040\000D\000e\000l\000i\000v\000e\000r\000y}{section.6.5}% 56
\BOOKMARK [2][-]{subsection.6.5.9}{\376\377\000T\000e\000c\000h\000n\000i\000c\000a\000l\000\040\000v\000i\000e\000w\000:\000\040\000C\000o\000d\000e\000\040\000R\000e\000u\000s\000e}{section.6.5}% 57
\BOOKMARK [2][-]{subsection.6.5.10}{\376\377\000T\000e\000c\000h\000n\000i\000c\000a\000l\000\040\000v\000i\000e\000w\000:\000\040\000A\000c\000c\000e\000s\000s\000\040\000M\000a\000n\000a\000g\000e\000m\000e\000n\000t}{section.6.5}% 58
\BOOKMARK [1][-]{section.6.6}{\376\377\000F\000a\000a\000S\000\040\000M\000a\000r\000k\000e\000t}{chapter.6}% 59
\BOOKMARK [0][-]{chapter.7}{\376\377\000S\000o\000f\000t\000w\000a\000r\000e\000\040\000s\000o\000s\000t\000e\000n\000i\000b\000i\000l\000e}{part.2}% 60
\BOOKMARK [1][-]{section.7.1}{\376\377\000N\000o\000z\000i\000o\000n\000i\000\040\000d\000i\000\040\000b\000a\000s\000e}{chapter.7}% 61
\BOOKMARK [1][-]{section.7.2}{\376\377\000T\000r\000i\000a\000n\000g\000o\000l\000o\000\040\000d\000i\000\040\000f\000e\000r\000r\000o}{chapter.7}% 62
\BOOKMARK [1][-]{section.7.3}{\376\377\000I\000l\000\040\000m\000o\000d\000e\000l\000l\000o\000\040\000G\000r\000e\000e\000n\000s\000o\000f\000t}{chapter.7}% 63
\BOOKMARK [1][-]{section.7.4}{\376\377\000R\000u\000o\000l\000i\000\040\000e\000\040\000c\000o\000l\000l\000a\000b\000o\000r\000a\000z\000i\000o\000n\000e}{chapter.7}% 64
\BOOKMARK [1][-]{section.7.5}{\376\377\000C\000a\000s\000o\000\040\000d\000i\000\040\000s\000t\000u\000d\000i\000o}{chapter.7}% 65
\BOOKMARK [2][-]{subsection.7.5.1}{\376\377\000A\000r\000c\000h\000i\000t\000e\000t\000t\000o}{section.7.5}% 66
\BOOKMARK [2][-]{subsection.7.5.2}{\376\377\000B\000i\000n\000\040\000p\000a\000c\000k\000i\000n\000g}{section.7.5}% 67
\BOOKMARK [2][-]{subsection.7.5.3}{\376\377\000C\000D\000N\000\040\0001\0000\0001}{section.7.5}% 68
\BOOKMARK [2][-]{subsection.7.5.4}{\376\377\000S\000c\000e\000l\000t\000e\000\040\000i\000m\000p\000l\000e\000m\000e\000n\000t\000a\000t\000i\000v\000e}{section.7.5}% 69
\BOOKMARK [2][-]{subsection.7.5.5}{\376\377\000S\000c\000e\000g\000l\000i\000e\000r\000e\000\040\000u\000n\000\040\000l\000i\000n\000g\000u\000a\000g\000g\000i\000o}{section.7.5}% 70
\BOOKMARK [2][-]{subsection.7.5.6}{\376\377\000S\000v\000i\000l\000u\000p\000p\000a\000t\000o\000r\000e}{section.7.5}% 71
\BOOKMARK [2][-]{subsection.7.5.7}{\376\377\000O\000p\000e\000r\000a\000t\000o\000r\000e}{section.7.5}% 72
\BOOKMARK [1][-]{section.7.6}{\376\377\000Q\000u\000a\000d\000r\000o\000\040\000n\000o\000r\000m\000a\000t\000i\000v\000o}{chapter.7}% 73
\BOOKMARK [1][-]{section.7.7}{\376\377\000E\000U\000\040\000v\000s\000\040\000t\000h\000e\000\040\000W\000o\000r\000l\000d}{chapter.7}% 74
\BOOKMARK [0][-]{chapter.8}{\376\377\000M\000i\000c\000r\000o\000s\000e\000r\000v\000i\000z\000i}{part.2}% 75
\BOOKMARK [1][-]{section.8.1}{\376\377\000M\000o\000n\000o\000l\000i\000t\000i}{chapter.8}% 76
\BOOKMARK [1][-]{section.8.2}{\376\377\000M\000i\000c\000r\000o\000s\000e\000r\000v\000i\000z\000i}{chapter.8}% 77
\BOOKMARK [2][-]{subsection.8.2.1}{\376\377\000S\000e\000r\000v\000i\000c\000e\000-\000o\000r\000i\000e\000n\000t\000a\000t\000i\000o\000n}{section.8.2}% 78
\BOOKMARK [2][-]{subsection.8.2.2}{\376\377\000O\000r\000g\000a\000n\000i\000z\000z\000a\000r\000e\000\040\000s\000e\000r\000v\000i\000z\000i\000\040\000i\000n\000t\000o\000r\000n\000o\000\040\000a\000l\000l\000e\000\040\000b\000u\000s\000i\000n\000e\000s\000s\000\040\000c\000a\000p\000a\000b\000i\000l\000i\000t\000y}{section.8.2}% 79
\BOOKMARK [2][-]{subsection.8.2.3}{\376\377\000D\000e\000c\000e\000n\000t\000r\000a\000l\000i\000z\000z\000a\000z\000i\000o\000n\000e\000\040\000d\000e\000i\000\040\000d\000a\000t\000i}{section.8.2}% 80
\BOOKMARK [2][-]{subsection.8.2.4}{\376\377\000S\000e\000r\000v\000i\000z\000i\000\040\000s\000v\000i\000l\000u\000p\000p\000a\000b\000i\000l\000i\000\040\000i\000n\000d\000i\000p\000e\000n\000d\000e\000n\000t\000e\000m\000e\000n\000t\000e}{section.8.2}% 81
\BOOKMARK [2][-]{subsection.8.2.5}{\376\377\000S\000e\000r\000v\000i\000z\000i\000\040\000s\000c\000a\000l\000a\000b\000i\000l\000i\000\040\000i\000n\000\040\000o\000r\000i\000z\000z\000o\000n\000t\000a\000l\000e}{section.8.2}% 82
\BOOKMARK [2][-]{subsection.8.2.6}{\376\377\000S\000e\000r\000v\000i\000z\000i\000\040\000r\000e\000s\000i\000s\000t\000e\000n\000t\000i\000\040\000a\000g\000l\000i\000\040\000e\000r\000r\000o\000r\000i}{section.8.2}% 83
\BOOKMARK [1][-]{section.8.3}{\376\377\000C\000A\000P\000\040\000T\000h\000e\000o\000r\000e\000m}{chapter.8}% 84
\BOOKMARK [2][-]{subsection.8.3.1}{\376\377\000A\000p\000p\000r\000o\000c\000c\000i\000o\000\040\000N\000e\000t\000f\000l\000i\000x}{section.8.3}% 85
\BOOKMARK [1][-]{section.8.4}{\376\377\000C\000h\000a\000o\000s\000\040\000m\000o\000n\000k\000e\000y}{chapter.8}% 86
\BOOKMARK [0][-]{chapter.9}{\376\377\000K\000u\000b\000e\000r\000n\000e\000t\000e\000s}{part.2}% 87
\BOOKMARK [1][-]{section.9.1}{\376\377\000C\000o\000n\000t\000a\000i\000n\000e\000r\000s}{chapter.9}% 88
\BOOKMARK [1][-]{section.9.2}{\376\377\000K\000u\000b\000e\000r\000n\000e\000t\000e\000s\000\040\000\050\000C\000o\000n\000t\000a\000i\000n\000e\000r\000\040\000O\000r\000c\000h\000e\000s\000t\000r\000a\000t\000i\000o\000n\000\051}{chapter.9}% 89
\BOOKMARK [1][-]{section.9.3}{\376\377\000D\000e\000s\000i\000g\000n\000\040\000p\000r\000i\000n\000c\000i\000p\000l\000e\000s\000:\000\040\000D\000i\000c\000h\000i\000a\000r\000a\000t\000i\000v\000i\000t\000\340}{chapter.9}% 90
\BOOKMARK [1][-]{section.9.4}{\376\377\000D\000e\000s\000i\000g\000n\000\040\000p\000r\000i\000n\000c\000i\000p\000l\000e\000s\000:\000\040\000D\000i\000s\000t\000r\000i\000b\000u\000z\000i\000o\000n\000e}{chapter.9}% 91
\BOOKMARK [1][-]{section.9.5}{\376\377\000D\000e\000s\000i\000g\000n\000\040\000p\000r\000i\000n\000c\000i\000p\000l\000e\000s\000:\000\040\000D\000i\000s\000a\000c\000c\000o\000p\000p\000i\000a\000m\000e\000n\000t\000o}{chapter.9}% 92
\BOOKMARK [1][-]{section.9.6}{\376\377\000D\000e\000s\000i\000g\000n\000\040\000p\000r\000i\000n\000c\000i\000p\000l\000e\000s\000:\000\040\000S\000t\000r\000u\000t\000t\000u\000r\000e\000\040\000i\000m\000m\000u\000t\000a\000b\000i\000l\000i}{chapter.9}% 93
\BOOKMARK [1][-]{section.9.7}{\376\377\000K\0008\000s\000\040\000O\000b\000j\000e\000c\000t\000s}{chapter.9}% 94
\BOOKMARK [2][-]{subsection.9.7.1}{\376\377\000K\0008\000s\000\040\000o\000b\000j\000e\000c\000t\000s\000:\000\040\000P\000o\000d}{section.9.7}% 95
\BOOKMARK [2][-]{subsection.9.7.2}{\376\377\000K\0008\000s\000\040\000o\000b\000j\000e\000c\000t\000s\000:\000\040\000D\000e\000p\000l\000o\000y\000m\000e\000n\000t}{section.9.7}% 96
\BOOKMARK [2][-]{subsection.9.7.3}{\376\377\000K\0008\000s\000\040\000o\000b\000j\000e\000c\000t\000s\000:\000\040\000S\000e\000r\000v\000i\000c\000e}{section.9.7}% 97
\BOOKMARK [2][-]{subsection.9.7.4}{\376\377\000K\0008\000s\000\040\000o\000b\000j\000e\000c\000t\000s\000:\000\040\000I\000n\000g\000r\000e\000s\000s}{section.9.7}% 98
\BOOKMARK [1][-]{section.9.8}{\376\377\000K\0008\000s\000\040\000C\000o\000n\000t\000r\000o\000l\000\040\000p\000l\000a\000n\000e}{chapter.9}% 99
\BOOKMARK [2][-]{subsection.9.8.1}{\376\377\000K\0008\000s\000\040\000C\000o\000n\000t\000r\000o\000l\000\040\000p\000l\000a\000n\000e\000:\000\040\000M\000a\000s\000t\000e\000r\000\040\000n\000o\000d\000e}{section.9.8}% 100
\BOOKMARK [2][-]{subsection.9.8.2}{\376\377\000K\0008\000s\000\040\000C\000o\000n\000t\000r\000o\000l\000\040\000p\000l\000a\000n\000e\000:\000\040\000W\000o\000r\000k\000e\000r\000\040\000n\000o\000d\000e}{section.9.8}% 101
\BOOKMARK [1][-]{section.9.9}{\376\377\000Q\000u\000a\000n\000d\000o\000\040\000n\000o\000n\000\040\000u\000s\000a\000r\000e\000\040\000K\0008\000s}{chapter.9}% 102
\BOOKMARK [1][-]{section.9.10}{\376\377\000K\0008\000s\000\040\000v\000s\000\040\000D\000o\000c\000k\000e\000r\000\040\000S\000w\000a\000r\000m}{chapter.9}% 103
\BOOKMARK [0][-]{chapter.10}{\376\377\000D\000a\000t\000a\000c\000e\000n\000t\000e\000r\000s}{part.2}% 104
\BOOKMARK [1][-]{section.10.1}{\376\377\000G\000o\000o\000g\000l\000e\000\040\000d\000a\000t\000a\000c\000e\000n\000t\000e\000r}{chapter.10}% 105
\BOOKMARK [1][-]{section.10.2}{\376\377\000P\000i\000s\000a\000\040\000d\000a\000t\000a\000c\000e\000n\000t\000e\000r}{chapter.10}% 106
\BOOKMARK [1][-]{section.10.3}{\376\377\000M\000e\000t\000o\000d\000i\000\040\000d\000i\000\040\000r\000a\000f\000f\000r\000e\000d\000d\000a\000m\000e\000n\000t\000o}{chapter.10}% 107
\BOOKMARK [1][-]{section.10.4}{\376\377\000D\000C\000I\000M\000:\000\040\000D\000a\000t\000a\000\040\000C\000e\000n\000t\000e\000r\000\040\000I\000n\000f\000r\000a\000s\000t\000r\000u\000c\000t\000u\000r\000e\000\040\000M\000a\000n\000a\000g\000e\000m\000e\000n\000t}{chapter.10}% 108
\BOOKMARK [1][-]{section.10.5}{\376\377\000C\000o\000s\000a\000\040\000n\000o\000n\000\040\000f\000a\000r\000e\000\040\000i\000n\000\040\000u\000n\000\040\000d\000a\000t\000a\000c\000e\000n\000t\000e\000r}{chapter.10}% 109
\BOOKMARK [1][-]{section.10.6}{\376\377\000C\000h\000e\000c\000k\000l\000i\000s\000t}{chapter.10}% 110
\BOOKMARK [1][-]{section.10.7}{\376\377\000B\000C\000/\000D\000R\000:\000\040\000B\000u\000s\000i\000n\000e\000s\000s\000\040\000C\000o\000n\000t\000i\000n\000u\000i\000t\000y\000\040\000e\000\040\000D\000i\000s\000a\000s\000t\000e\000r\000\040\000R\000e\000c\000o\000v\000e\000r\000y}{chapter.10}% 111
\BOOKMARK [1][-]{section.10.8}{\376\377\000P\000e\000g\000g\000i\000o\000r\000i\000\040\000d\000i\000s\000a\000s\000t\000r\000i\000\040\000n\000e\000i\000\040\000d\000a\000t\000a\000c\000e\000n\000t\000e\000r}{chapter.10}% 112
\BOOKMARK [1][-]{section.10.9}{\376\377\000H\000y\000p\000e\000r\000c\000o\000n\000v\000e\000r\000g\000e\000n\000c\000e\000\040\000-\000\040\000I\000p\000e\000r\000c\000o\000n\000v\000e\000r\000g\000e\000n\000z\000a}{chapter.10}% 113
\BOOKMARK [0][-]{chapter.11}{\376\377\000I\000n\000t\000e\000r\000n\000e\000t\000\040\000o\000f\000\040\000t\000h\000i\000n\000g\000s}{part.2}% 114
\BOOKMARK [1][-]{section.11.1}{\376\377\000D\000a\000t\000a\000\040\000u\000s\000a\000g\000e}{chapter.11}% 115
\BOOKMARK [1][-]{section.11.2}{\376\377\000D\000e\000p\000l\000o\000y\000m\000e\000n\000t\000\040\000m\000o\000d\000e\000l\000s}{chapter.11}% 116
\BOOKMARK [1][-]{section.11.3}{\376\377\000F\000o\000g\000\040\000C\000o\000m\000p\000u\000t\000i\000n\000g}{chapter.11}% 117
\BOOKMARK [1][-]{section.11.4}{\376\377\000F\000o\000g\000\040\000i\000n\000f\000r\000a\000s\000t\000r\000u\000c\000t\000u\000r\000e}{chapter.11}% 118
